2024-12-19T10:56:56.787+05:00  INFO 3320 --- [main] c.e.t.Transaction2ApplicationTests       : Starting Transaction2ApplicationTests using Java 17.0.7 with PID 3320 (started by Bektop in C:\essential\pdp\load-board)
2024-12-19T10:56:56.789+05:00  INFO 3320 --- [main] c.e.t.Transaction2ApplicationTests       : The following 1 profile is active: "prod"
2024-12-19T10:56:59.072+05:00  INFO 3320 --- [main] .s.d.r.c.RepositoryConfigurationDelegate : Bootstrapping Spring Data JPA repositories in DEFAULT mode.
2024-12-19T10:56:59.216+05:00  INFO 3320 --- [main] .s.d.r.c.RepositoryConfigurationDelegate : Finished Spring Data repository scanning in 126 ms. Found 7 JPA repository interfaces.
2024-12-19T10:57:00.468+05:00  INFO 3320 --- [main] o.hibernate.jpa.internal.util.LogHelper  : HHH000204: Processing PersistenceUnitInfo [name: default]
2024-12-19T10:57:00.644+05:00  INFO 3320 --- [main] org.hibernate.Version                    : HHH000412: Hibernate ORM core version 6.1.6.Final
2024-12-19T10:57:01.320+05:00  WARN 3320 --- [main] org.hibernate.orm.deprecation            : HHH90000021: Encountered deprecated setting [javax.persistence.sharedCache.mode], use [jakarta.persistence.sharedCache.mode] instead
2024-12-19T10:57:01.790+05:00  INFO 3320 --- [main] com.zaxxer.hikari.HikariDataSource       : HikariPool-1 - Starting...
2024-12-19T10:57:02.212+05:00  INFO 3320 --- [main] com.zaxxer.hikari.pool.HikariPool        : HikariPool-1 - Added connection org.postgresql.jdbc.PgConnection@3cbfdf5c
2024-12-19T10:57:02.218+05:00  INFO 3320 --- [main] com.zaxxer.hikari.HikariDataSource       : HikariPool-1 - Start completed.
2024-12-19T10:57:02.373+05:00  INFO 3320 --- [main] SQL dialect                              : HHH000400: Using dialect: org.hibernate.dialect.PostgreSQLDialect
2024-12-19T10:57:04.396+05:00  INFO 3320 --- [main] o.h.e.t.j.p.i.JtaPlatformInitiator       : HHH000490: Using JtaPlatform implementation: [org.hibernate.engine.transaction.jta.platform.internal.NoJtaPlatform]
2024-12-19T10:57:04.409+05:00  INFO 3320 --- [main] j.LocalContainerEntityManagerFactoryBean : Initialized JPA EntityManagerFactory for persistence unit 'default'
2024-12-19T10:57:06.935+05:00  WARN 3320 --- [main] JpaBaseConfiguration$JpaWebConfiguration : spring.jpa.open-in-view is enabled by default. Therefore, database queries may be performed during view rendering. Explicitly configure spring.jpa.open-in-view to disable this warning
2024-12-19T10:57:07.844+05:00  INFO 3320 --- [main] o.s.b.a.e.web.EndpointLinksResolver      : Exposing 1 endpoint(s) beneath base path '/actuator'
2024-12-19T10:57:07.925+05:00  INFO 3320 --- [main] o.s.s.web.DefaultSecurityFilterChain     : Will secure any request with [org.springframework.security.web.session.DisableEncodeUrlFilter@4842a683, org.springframework.security.web.context.request.async.WebAsyncManagerIntegrationFilter@65a03c19, org.springframework.security.web.context.SecurityContextHolderFilter@4867f5cf, org.springframework.security.web.header.HeaderWriterFilter@3c48bbf3, org.springframework.web.filter.CorsFilter@5f455d91, org.springframework.security.web.authentication.logout.LogoutFilter@4b38d912, com.example.transaction2.security.JwtAuthenticationFilter@4acdf6e7, org.springframework.security.web.savedrequest.RequestCacheAwareFilter@381ed137, org.springframework.security.web.servletapi.SecurityContextHolderAwareRequestFilter@62b72289, org.springframework.security.web.authentication.AnonymousAuthenticationFilter@16c3e494, org.springframework.security.web.session.SessionManagementFilter@3a9a12a1, org.springframework.security.web.access.ExceptionTranslationFilter@399ac1a3, org.springframework.security.web.access.intercept.AuthorizationFilter@64cbc28e]
2024-12-19T10:57:08.731+05:00  INFO 3320 --- [main] c.e.t.Transaction2ApplicationTests       : Started Transaction2ApplicationTests in 12.463 seconds (process running for 13.712)
2024-12-19T10:57:09.246+05:00  INFO 3320 --- [SpringApplicationShutdownHook] j.LocalContainerEntityManagerFactoryBean : Closing JPA EntityManagerFactory for persistence unit 'default'
2024-12-19T10:57:09.251+05:00  INFO 3320 --- [SpringApplicationShutdownHook] com.zaxxer.hikari.HikariDataSource       : HikariPool-1 - Shutdown initiated...
2024-12-19T10:57:09.268+05:00  INFO 3320 --- [SpringApplicationShutdownHook] com.zaxxer.hikari.HikariDataSource       : HikariPool-1 - Shutdown completed.
